sales/manifest-merger-release-report.txt
-- Merging decision tree log ---
manifest
ADDED from AndroidManifest.xml:2:1
	package
		ADDED from AndroidManifest.xml:4:11
	android:versionName
		INJECTED from AndroidManifest.xml:0:0
		INJECTED from AndroidManifest.xml:0:0
	xmlns:tools
		ADDED from AndroidManifest.xml:3:11
	xmlns:android
		ADDED from AndroidManifest.xml:2:11
	android:versionCode
		INJECTED from AndroidManifest.xml:0:0
		INJECTED from AndroidManifest.xml:0:0
uses-permission#android.permission.GET_ACCOUNTS
ADDED from AndroidManifest.xml:6:5
	android:name
		ADDED from AndroidManifest.xml:6:22
uses-permission#android.permission.USE_CREDENTIALS
ADDED from AndroidManifest.xml:7:5
	android:name
		ADDED from AndroidManifest.xml:7:22
uses-permission#android.permission.INTERNET
ADDED from AndroidManifest.xml:8:5
	android:name
		ADDED from AndroidManifest.xml:8:22
uses-permission#android.permission.WRITE_EXTERNAL_STORAGE
ADDED from AndroidManifest.xml:9:5
	android:name
		ADDED from AndroidManifest.xml:9:22
uses-permission#android.permission.ACCESS_NETWORK_STATE
ADDED from AndroidManifest.xml:10:5
	android:name
		ADDED from AndroidManifest.xml:10:22
uses-permission#android.permission.DOWNLOAD_WITHOUT_NOTIFICATION
ADDED from AndroidManifest.xml:11:5
	android:name
		ADDED from AndroidManifest.xml:11:22
application
ADDED from AndroidManifest.xml:13:5
MERGED from com.android.support:support-v4:21.0.3:16:5
MERGED from com.google.android.gms:play-services:6.5.87:20:5
MERGED from com.android.support:support-v4:21.0.3:16:5
MERGED from it.sephiroth.android.library.imagezoom:imagezoom:2.1.1:11:5
MERGED from TheBedesseeGroupSalesApp:FilePicker:unspecified:27:5
	android:label
		ADDED from AndroidManifest.xml:17:9
	android:allowBackup
		ADDED from AndroidManifest.xml:14:9
	android:icon
		ADDED from AndroidManifest.xml:15:9
		REJECTED from TheBedesseeGroupSalesApp:FilePicker:unspecified:29:9
	android:theme
		ADDED from AndroidManifest.xml:18:9
	tools:replace
		ADDED from AndroidManifest.xml:16:9
activity#com.thebedesseegroup.sales.login.Login
ADDED from AndroidManifest.xml:22:9
	android:screenOrientation
		ADDED from AndroidManifest.xml:24:19
	android:label
		ADDED from AndroidManifest.xml:23:19
	android:name
		ADDED from AndroidManifest.xml:22:19
intent-filter#android.intent.action.MAIN+android.intent.category.LAUNCHER
ADDED from AndroidManifest.xml:25:13
action#android.intent.action.MAIN
ADDED from AndroidManifest.xml:26:17
	android:name
		ADDED from AndroidManifest.xml:26:25
category#android.intent.category.LAUNCHER
ADDED from AndroidManifest.xml:27:17
	android:name
		ADDED from AndroidManifest.xml:27:27
activity#com.nononsenseapps.filepicker.FilePickerActivity
ADDED from AndroidManifest.xml:31:9
	android:label
		ADDED from AndroidManifest.xml:33:13
	android:theme
		ADDED from AndroidManifest.xml:34:13
	android:name
		ADDED from AndroidManifest.xml:32:13
intent-filter#android.intent.action.GET_CONTENT+android.intent.category.DEFAULT
ADDED from AndroidManifest.xml:35:13
action#android.intent.action.GET_CONTENT
ADDED from AndroidManifest.xml:36:17
	android:name
		ADDED from AndroidManifest.xml:36:25
category#android.intent.category.DEFAULT
ADDED from AndroidManifest.xml:37:17
	android:name
		ADDED from AndroidManifest.xml:37:27
activity#com.thebedesseegroup.sales.main.MainActivity
ADDED from AndroidManifest.xml:41:9
	android:screenOrientation
		ADDED from AndroidManifest.xml:43:19
	android:label
		ADDED from AndroidManifest.xml:42:19
	android:name
		ADDED from AndroidManifest.xml:41:19
activity#com.thebedesseegroup.sales.admin.AdminSettings
ADDED from AndroidManifest.xml:46:9
	android:screenOrientation
		ADDED from AndroidManifest.xml:48:19
	android:label
		ADDED from AndroidManifest.xml:47:19
	android:name
		ADDED from AndroidManifest.xml:46:19
activity#com.thebedesseegroup.sales.shoppingcart.ShoppingCartDialog
ADDED from AndroidManifest.xml:51:9
	android:screenOrientation
		ADDED from AndroidManifest.xml:53:19
	android:label
		ADDED from AndroidManifest.xml:52:19
	android:theme
		ADDED from AndroidManifest.xml:54:19
	android:name
		ADDED from AndroidManifest.xml:51:19
activity#com.thebedesseegroup.sales.update.UpdateActivity
ADDED from AndroidManifest.xml:56:9
	android:screenOrientation
		ADDED from AndroidManifest.xml:57:19
	android:name
		ADDED from AndroidManifest.xml:56:19
activity#com.thebedesseegroup.sales.store.StoreSelector
ADDED from AndroidManifest.xml:59:9
	android:screenOrientation
		ADDED from AndroidManifest.xml:60:19
	android:theme
		ADDED from AndroidManifest.xml:61:19
	android:name
		ADDED from AndroidManifest.xml:59:19
activity#com.thebedesseegroup.sales.customview.MarginCalculator
ADDED from AndroidManifest.xml:63:9
	android:screenOrientation
		ADDED from AndroidManifest.xml:64:19
	android:theme
		ADDED from AndroidManifest.xml:65:19
	android:name
		ADDED from AndroidManifest.xml:63:19
activity#com.thebedesseegroup.sales.orderhistory.OrderHistoryActivity
ADDED from AndroidManifest.xml:67:9
	android:screenOrientation
		ADDED from AndroidManifest.xml:68:19
	android:theme
		ADDED from AndroidManifest.xml:69:19
	android:name
		ADDED from AndroidManifest.xml:67:19
activity#com.thebedesseegroup.sales.store.Statement
ADDED from AndroidManifest.xml:71:9
	android:screenOrientation
		ADDED from AndroidManifest.xml:72:19
	android:theme
		ADDED from AndroidManifest.xml:73:19
	android:name
		ADDED from AndroidManifest.xml:71:19
activity#com.thebedesseegroup.sales.sellsheets.SellSheetsDialog
ADDED from AndroidManifest.xml:75:9
	android:screenOrientation
		ADDED from AndroidManifest.xml:77:19
	android:theme
		ADDED from AndroidManifest.xml:76:19
	android:name
		ADDED from AndroidManifest.xml:75:19
activity#com.thebedesseegroup.sales.product.LargeView
ADDED from AndroidManifest.xml:79:9
	android:name
		ADDED from AndroidManifest.xml:79:19
provider#com.thebedesseegroup.sales.provider.Provider
ADDED from AndroidManifest.xml:83:9
	android:authorities
		ADDED from AndroidManifest.xml:84:13
	android:enabled
		ADDED from AndroidManifest.xml:87:13
	android:syncable
		ADDED from AndroidManifest.xml:88:13
	android:exported
		ADDED from AndroidManifest.xml:86:13
	android:name
		ADDED from AndroidManifest.xml:85:13
meta-data#com.google.android.gms.version
ADDED from AndroidManifest.xml:92:9
MERGED from com.google.android.gms:play-services:6.5.87:21:9
	android:value
		ADDED from AndroidManifest.xml:92:66
	android:name
		ADDED from AndroidManifest.xml:92:20
meta-data#com.crashlytics.ApiKey
ADDED from AndroidManifest.xml:93:9
	android:value
		ADDED from AndroidManifest.xml:93:58
	android:name
		ADDED from AndroidManifest.xml:93:20
uses-sdk
INJECTED from AndroidManifest.xml:0:0 reason: use-sdk injection requested
MERGED from com.android.support:support-v4:21.0.3:15:5
MERGED from com.google.android.gms:play-services:6.5.87:18:5
MERGED from com.android.support:support-v4:21.0.3:15:5
MERGED from it.sephiroth.android.library.imagezoom:imagezoom:2.1.1:7:5
MERGED from TheBedesseeGroupSalesApp:FilePicker:unspecified:23:5
	android:targetSdkVersion
		INJECTED from AndroidManifest.xml:0:0
		INJECTED from AndroidManifest.xml:0:0
	android:minSdkVersion
		INJECTED from AndroidManifest.xml:0:0
		INJECTED from AndroidManifest.xml:0:0